Arguments: 
  /Users/evancaldwell/.nvm/versions/node/v6.11.3/bin/node /usr/local/Cellar/yarn/1.3.2/libexec/bin/yarn.js add firebase

PATH: 
  /Users/evancaldwell/.nvm/versions/node/v6.11.3/bin:/usr/local/bin:/usr/bin:/bin:/usr/sbin:/sbin

Yarn version: 
  1.3.2

Node version: 
  6.11.3

Platform: 
  darwin x64

npm manifest: 
  No manifest

yarn manifest: 
  No manifest

Lockfile: 
  No lockfile

Trace: 
  Error: getaddrinfo ENOTFOUND nexus3.nuskin.net nexus3.nuskin.net:80
      at errnoException (dns.js:28:10)
      at GetAddrInfoReqWrap.onlookup [as oncomplete] (dns.js:76:26)
